[21-Nov-2017 18:27:14 UTC] PHP Fatal error:  Call to undefined function AppBundle\Controller\BingWebSearch() in /home/ubuntu/workspace/api_project/src/AppBundle/Controller/DefaultController.php on line 32
[21-Nov-2017 18:27:14 UTC] PHP Stack trace:
[21-Nov-2017 18:27:14 UTC] PHP   1. {main}() /home/ubuntu/workspace/api_project/web/app.php:0
[21-Nov-2017 18:27:14 UTC] PHP   2. Symfony\Component\HttpKernel\Kernel->handle() /home/ubuntu/workspace/api_project/web/app.php:19
[21-Nov-2017 18:27:14 UTC] PHP   3. Symfony\Component\HttpKernel\HttpKernel->handle() /home/ubuntu/workspace/api_project/vendor/symfony/symfony/src/Symfony/Component/HttpKernel/Kernel.php:169
[21-Nov-2017 18:27:14 UTC] PHP   4. Symfony\Component\HttpKernel\HttpKernel->handleRaw() /home/ubuntu/workspace/api_project/var/cache/prod/classes.php:4925
[21-Nov-2017 18:27:14 UTC] PHP   5. call_user_func_array:{/home/ubuntu/workspace/api_project/var/cache/prod/classes.php:4970}() /home/ubuntu/workspace/api_project/var/cache/prod/classes.php:4970
[21-Nov-2017 18:27:14 UTC] PHP   6. AppBundle\Controller\DefaultController->indexAction() /home/ubuntu/workspace/api_project/var/cache/prod/classes.php:4970
[21-Nov-2017 18:27:29 UTC] PHP Fatal error:  Call to undefined function AppBundle\Controller\BingWebSearch() in /home/ubuntu/workspace/api_project/src/AppBundle/Controller/DefaultController.php on line 32
[21-Nov-2017 18:27:29 UTC] PHP Stack trace:
[21-Nov-2017 18:27:29 UTC] PHP   1. {main}() /home/ubuntu/workspace/api_project/web/app.php:0
[21-Nov-2017 18:27:29 UTC] PHP   2. Symfony\Component\HttpKernel\Kernel->handle() /home/ubuntu/workspace/api_project/web/app.php:19
[21-Nov-2017 18:27:29 UTC] PHP   3. Symfony\Component\HttpKernel\HttpKernel->handle() /home/ubuntu/workspace/api_project/vendor/symfony/symfony/src/Symfony/Component/HttpKernel/Kernel.php:169
[21-Nov-2017 18:27:29 UTC] PHP   4. Symfony\Component\HttpKernel\HttpKernel->handleRaw() /home/ubuntu/workspace/api_project/var/cache/prod/classes.php:4925
[21-Nov-2017 18:27:29 UTC] PHP   5. call_user_func_array:{/home/ubuntu/workspace/api_project/var/cache/prod/classes.php:4970}() /home/ubuntu/workspace/api_project/var/cache/prod/classes.php:4970
[21-Nov-2017 18:27:29 UTC] PHP   6. AppBundle\Controller\DefaultController->indexAction() /home/ubuntu/workspace/api_project/var/cache/prod/classes.php:4970
[21-Nov-2017 19:01:34 UTC] PHP Fatal error:  Call to undefined function AppBundle\Controller\BingWebSearch() in /home/ubuntu/workspace/api_project/src/AppBundle/Controller/DefaultController.php on line 32
[21-Nov-2017 19:01:34 UTC] PHP Stack trace:
[21-Nov-2017 19:01:34 UTC] PHP   1. {main}() /home/ubuntu/workspace/api_project/web/app.php:0
[21-Nov-2017 19:01:34 UTC] PHP   2. Symfony\Component\HttpKernel\Kernel->handle() /home/ubuntu/workspace/api_project/web/app.php:19
[21-Nov-2017 19:01:34 UTC] PHP   3. Symfony\Component\HttpKernel\HttpKernel->handle() /home/ubuntu/workspace/api_project/vendor/symfony/symfony/src/Symfony/Component/HttpKernel/Kernel.php:169
[21-Nov-2017 19:01:34 UTC] PHP   4. Symfony\Component\HttpKernel\HttpKernel->handleRaw() /home/ubuntu/workspace/api_project/var/cache/prod/classes.php:4925
[21-Nov-2017 19:01:34 UTC] PHP   5. call_user_func_array:{/home/ubuntu/workspace/api_project/var/cache/prod/classes.php:4970}() /home/ubuntu/workspace/api_project/var/cache/prod/classes.php:4970
[21-Nov-2017 19:01:34 UTC] PHP   6. AppBundle\Controller\DefaultController->indexAction() /home/ubuntu/workspace/api_project/var/cache/prod/classes.php:4970
[21-Nov-2017 19:02:59 UTC] PHP Fatal error:  Call to undefined function AppBundle\Controller\BingWebSearch() in /home/ubuntu/workspace/api_project/src/AppBundle/Controller/DefaultController.php on line 32
[21-Nov-2017 19:02:59 UTC] PHP Stack trace:
[21-Nov-2017 19:02:59 UTC] PHP   1. {main}() /home/ubuntu/workspace/api_project/web/app.php:0
[21-Nov-2017 19:02:59 UTC] PHP   2. Symfony\Component\HttpKernel\Kernel->handle() /home/ubuntu/workspace/api_project/web/app.php:19
[21-Nov-2017 19:02:59 UTC] PHP   3. Symfony\Component\HttpKernel\HttpKernel->handle() /home/ubuntu/workspace/api_project/vendor/symfony/symfony/src/Symfony/Component/HttpKernel/Kernel.php:169
[21-Nov-2017 19:02:59 UTC] PHP   4. Symfony\Component\HttpKernel\HttpKernel->handleRaw() /home/ubuntu/workspace/api_project/var/cache/prod/classes.php:4925
[21-Nov-2017 19:02:59 UTC] PHP   5. call_user_func_array:{/home/ubuntu/workspace/api_project/var/cache/prod/classes.php:4970}() /home/ubuntu/workspace/api_project/var/cache/prod/classes.php:4970
[21-Nov-2017 19:02:59 UTC] PHP   6. AppBundle\Controller\DefaultController->indexAction() /home/ubuntu/workspace/api_project/var/cache/prod/classes.php:4970
[21-Nov-2017 19:03:06 UTC] PHP Fatal error:  Call to undefined function AppBundle\Controller\BingWebSearch() in /home/ubuntu/workspace/api_project/src/AppBundle/Controller/DefaultController.php on line 32
[21-Nov-2017 19:03:06 UTC] PHP Stack trace:
[21-Nov-2017 19:03:06 UTC] PHP   1. {main}() /home/ubuntu/workspace/api_project/web/app.php:0
[21-Nov-2017 19:03:06 UTC] PHP   2. Symfony\Component\HttpKernel\Kernel->handle() /home/ubuntu/workspace/api_project/web/app.php:19
[21-Nov-2017 19:03:06 UTC] PHP   3. Symfony\Component\HttpKernel\HttpKernel->handle() /home/ubuntu/workspace/api_project/vendor/symfony/symfony/src/Symfony/Component/HttpKernel/Kernel.php:169
[21-Nov-2017 19:03:06 UTC] PHP   4. Symfony\Component\HttpKernel\HttpKernel->handleRaw() /home/ubuntu/workspace/api_project/var/cache/prod/classes.php:4925
[21-Nov-2017 19:03:06 UTC] PHP   5. call_user_func_array:{/home/ubuntu/workspace/api_project/var/cache/prod/classes.php:4970}() /home/ubuntu/workspace/api_project/var/cache/prod/classes.php:4970
[21-Nov-2017 19:03:06 UTC] PHP   6. AppBundle\Controller\DefaultController->indexAction() /home/ubuntu/workspace/api_project/var/cache/prod/classes.php:4970
[21-Nov-2017 19:04:40 UTC] PHP Fatal error:  Call to undefined function AppBundle\Controller\BingWebSearch() in /home/ubuntu/workspace/api_project/src/AppBundle/Controller/DefaultController.php on line 32
[21-Nov-2017 19:04:40 UTC] PHP Stack trace:
[21-Nov-2017 19:04:40 UTC] PHP   1. {main}() /home/ubuntu/workspace/api_project/web/app.php:0
[21-Nov-2017 19:04:40 UTC] PHP   2. Symfony\Component\HttpKernel\Kernel->handle() /home/ubuntu/workspace/api_project/web/app.php:19
[21-Nov-2017 19:04:40 UTC] PHP   3. Symfony\Component\HttpKernel\HttpKernel->handle() /home/ubuntu/workspace/api_project/vendor/symfony/symfony/src/Symfony/Component/HttpKernel/Kernel.php:169
[21-Nov-2017 19:04:40 UTC] PHP   4. Symfony\Component\HttpKernel\HttpKernel->handleRaw() /home/ubuntu/workspace/api_project/var/cache/prod/classes.php:4925
[21-Nov-2017 19:04:40 UTC] PHP   5. call_user_func_array:{/home/ubuntu/workspace/api_project/var/cache/prod/classes.php:4970}() /home/ubuntu/workspace/api_project/var/cache/prod/classes.php:4970
[21-Nov-2017 19:04:40 UTC] PHP   6. AppBundle\Controller\DefaultController->indexAction() /home/ubuntu/workspace/api_project/var/cache/prod/classes.php:4970
[21-Nov-2017 19:04:54 UTC] PHP Fatal error:  Call to undefined function AppBundle\Controller\BingWebSearch() in /home/ubuntu/workspace/api_project/src/AppBundle/Controller/DefaultController.php on line 32
[21-Nov-2017 19:04:54 UTC] PHP Stack trace:
[21-Nov-2017 19:04:54 UTC] PHP   1. {main}() /home/ubuntu/workspace/api_project/web/app.php:0
[21-Nov-2017 19:04:54 UTC] PHP   2. Symfony\Component\HttpKernel\Kernel->handle() /home/ubuntu/workspace/api_project/web/app.php:19
[21-Nov-2017 19:04:54 UTC] PHP   3. Symfony\Component\HttpKernel\HttpKernel->handle() /home/ubuntu/workspace/api_project/vendor/symfony/symfony/src/Symfony/Component/HttpKernel/Kernel.php:169
[21-Nov-2017 19:04:54 UTC] PHP   4. Symfony\Component\HttpKernel\HttpKernel->handleRaw() /home/ubuntu/workspace/api_project/var/cache/prod/classes.php:4925
[21-Nov-2017 19:04:54 UTC] PHP   5. call_user_func_array:{/home/ubuntu/workspace/api_project/var/cache/prod/classes.php:4970}() /home/ubuntu/workspace/api_project/var/cache/prod/classes.php:4970
[21-Nov-2017 19:04:54 UTC] PHP   6. AppBundle\Controller\DefaultController->indexAction() /home/ubuntu/workspace/api_project/var/cache/prod/classes.php:4970
[22-Nov-2017 15:23:59 UTC] PHP Fatal error:  Class 'GuzzleHttp\Client' not found in /home/ubuntu/workspace/api_project/src/AppBundle/Api/NewsApi/Client.php on line 11
[22-Nov-2017 15:23:59 UTC] PHP Stack trace:
[22-Nov-2017 15:23:59 UTC] PHP   1. {main}() /home/ubuntu/workspace/api_project/web/app_dev.php:0
[22-Nov-2017 15:23:59 UTC] PHP   2. Symfony\Component\HttpKernel\Kernel->handle() /home/ubuntu/workspace/api_project/web/app_dev.php:21
[22-Nov-2017 15:23:59 UTC] PHP   3. Symfony\Component\HttpKernel\HttpKernel->handle() /home/ubuntu/workspace/api_project/vendor/symfony/symfony/src/Symfony/Component/HttpKernel/Kernel.php:169
[22-Nov-2017 15:23:59 UTC] PHP   4. Symfony\Component\HttpKernel\HttpKernel->handleRaw() /home/ubuntu/workspace/api_project/var/cache/dev/classes.php:4462
[22-Nov-2017 15:23:59 UTC] PHP   5. call_user_func_array:{/home/ubuntu/workspace/api_project/var/cache/dev/classes.php:4507}() /home/ubuntu/workspace/api_project/var/cache/dev/classes.php:4507
[22-Nov-2017 15:23:59 UTC] PHP   6. AppBundle\Controller\DefaultController->indexAction() /home/ubuntu/workspace/api_project/var/cache/dev/classes.php:4507
[22-Nov-2017 15:23:59 UTC] PHP   7. Symfony\Component\DependencyInjection\Container->get() /home/ubuntu/workspace/api_project/src/AppBundle/Controller/DefaultController.php:16
[22-Nov-2017 15:23:59 UTC] PHP   8. appDevDebugProjectContainer->getNewsapi_NewsService() /home/ubuntu/workspace/api_project/var/cache/dev/classes.php:3289
[22-Nov-2017 15:23:59 UTC] PHP   9. AppBundle\Api\NewsApi\Client->__construct() /home/ubuntu/workspace/api_project/var/cache/dev/appDevDebugProjectContainer.php:2080
[22-Nov-2017 15:32:18 UTC] PHP Fatal error:  Class 'GuzzleHttp\Client' not found in /home/ubuntu/workspace/api_project/src/AppBundle/Api/NewsApi/Client.php on line 11
[22-Nov-2017 15:32:18 UTC] PHP Stack trace:
[22-Nov-2017 15:32:18 UTC] PHP   1. {main}() /home/ubuntu/workspace/api_project/web/app_dev.php:0
[22-Nov-2017 15:32:18 UTC] PHP   2. Symfony\Component\HttpKernel\Kernel->handle() /home/ubuntu/workspace/api_project/web/app_dev.php:21
[22-Nov-2017 15:32:18 UTC] PHP   3. Symfony\Component\HttpKernel\HttpKernel->handle() /home/ubuntu/workspace/api_project/vendor/symfony/symfony/src/Symfony/Component/HttpKernel/Kernel.php:169
[22-Nov-2017 15:32:18 UTC] PHP   4. Symfony\Component\HttpKernel\HttpKernel->handleRaw() /home/ubuntu/workspace/api_project/var/cache/dev/classes.php:4462
[22-Nov-2017 15:32:18 UTC] PHP   5. call_user_func_array:{/home/ubuntu/workspace/api_project/var/cache/dev/classes.php:4507}() /home/ubuntu/workspace/api_project/var/cache/dev/classes.php:4507
[22-Nov-2017 15:32:18 UTC] PHP   6. AppBundle\Controller\DefaultController->indexAction() /home/ubuntu/workspace/api_project/var/cache/dev/classes.php:4507
[22-Nov-2017 15:32:18 UTC] PHP   7. Symfony\Component\DependencyInjection\Container->get() /home/ubuntu/workspace/api_project/src/AppBundle/Controller/DefaultController.php:16
[22-Nov-2017 15:32:18 UTC] PHP   8. appDevDebugProjectContainer->getNewsapi_NewsService() /home/ubuntu/workspace/api_project/var/cache/dev/classes.php:3289
[22-Nov-2017 15:32:18 UTC] PHP   9. AppBundle\Api\NewsApi\Client->__construct() /home/ubuntu/workspace/api_project/var/cache/dev/appDevDebugProjectContainer.php:2080
[22-Nov-2017 15:33:38 UTC] PHP Fatal error:  Class 'GuzzleHttp\Client' not found in /home/ubuntu/workspace/api_project/src/AppBundle/Api/NewsApi/Client.php on line 11
[22-Nov-2017 15:33:38 UTC] PHP Stack trace:
[22-Nov-2017 15:33:38 UTC] PHP   1. {main}() /home/ubuntu/workspace/api_project/web/app_dev.php:0
[22-Nov-2017 15:33:38 UTC] PHP   2. Symfony\Component\HttpKernel\Kernel->handle() /home/ubuntu/workspace/api_project/web/app_dev.php:21
[22-Nov-2017 15:33:38 UTC] PHP   3. Symfony\Component\HttpKernel\HttpKernel->handle() /home/ubuntu/workspace/api_project/vendor/symfony/symfony/src/Symfony/Component/HttpKernel/Kernel.php:169
[22-Nov-2017 15:33:38 UTC] PHP   4. Symfony\Component\HttpKernel\HttpKernel->handleRaw() /home/ubuntu/workspace/api_project/var/cache/dev/classes.php:4462
[22-Nov-2017 15:33:38 UTC] PHP   5. call_user_func_array:{/home/ubuntu/workspace/api_project/var/cache/dev/classes.php:4507}() /home/ubuntu/workspace/api_project/var/cache/dev/classes.php:4507
[22-Nov-2017 15:33:38 UTC] PHP   6. AppBundle\Controller\DefaultController->indexAction() /home/ubuntu/workspace/api_project/var/cache/dev/classes.php:4507
[22-Nov-2017 15:33:38 UTC] PHP   7. Symfony\Component\DependencyInjection\Container->get() /home/ubuntu/workspace/api_project/src/AppBundle/Controller/DefaultController.php:16
[22-Nov-2017 15:33:38 UTC] PHP   8. appDevDebugProjectContainer->getNewsapi_NewsService() /home/ubuntu/workspace/api_project/var/cache/dev/classes.php:3289
[22-Nov-2017 15:33:38 UTC] PHP   9. AppBundle\Api\NewsApi\Client->__construct() /home/ubuntu/workspace/api_project/var/cache/dev/appDevDebugProjectContainer.php:2080
[22-Nov-2017 15:34:04 UTC] PHP Fatal error:  Class 'GuzzleHttp\Client' not found in /home/ubuntu/workspace/api_project/src/AppBundle/Api/NewsApi/Client.php on line 11
[22-Nov-2017 15:34:04 UTC] PHP Stack trace:
[22-Nov-2017 15:34:04 UTC] PHP   1. {main}() /home/ubuntu/workspace/api_project/web/app_dev.php:0
[22-Nov-2017 15:34:04 UTC] PHP   2. Symfony\Component\HttpKernel\Kernel->handle() /home/ubuntu/workspace/api_project/web/app_dev.php:21
[22-Nov-2017 15:34:04 UTC] PHP   3. Symfony\Component\HttpKernel\HttpKernel->handle() /home/ubuntu/workspace/api_project/vendor/symfony/symfony/src/Symfony/Component/HttpKernel/Kernel.php:169
[22-Nov-2017 15:34:04 UTC] PHP   4. Symfony\Component\HttpKernel\HttpKernel->handleRaw() /home/ubuntu/workspace/api_project/var/cache/dev/classes.php:4462
[22-Nov-2017 15:34:04 UTC] PHP   5. call_user_func_array:{/home/ubuntu/workspace/api_project/var/cache/dev/classes.php:4507}() /home/ubuntu/workspace/api_project/var/cache/dev/classes.php:4507
[22-Nov-2017 15:34:04 UTC] PHP   6. AppBundle\Controller\DefaultController->indexAction() /home/ubuntu/workspace/api_project/var/cache/dev/classes.php:4507
[22-Nov-2017 15:34:04 UTC] PHP   7. Symfony\Component\DependencyInjection\Container->get() /home/ubuntu/workspace/api_project/src/AppBundle/Controller/DefaultController.php:16
[22-Nov-2017 15:34:04 UTC] PHP   8. appDevDebugProjectContainer->getNewsapi_NewsService() /home/ubuntu/workspace/api_project/var/cache/dev/classes.php:3289
[22-Nov-2017 15:34:04 UTC] PHP   9. AppBundle\Api\NewsApi\Client->__construct() /home/ubuntu/workspace/api_project/var/cache/dev/appDevDebugProjectContainer.php:2080
[22-Nov-2017 15:34:34 UTC] PHP Fatal error:  Class 'GuzzleHttp\Client' not found in /home/ubuntu/workspace/api_project/src/AppBundle/Api/NewsApi/Client.php on line 11
[22-Nov-2017 15:34:34 UTC] PHP Stack trace:
[22-Nov-2017 15:34:34 UTC] PHP   1. {main}() /home/ubuntu/workspace/api_project/web/app_dev.php:0
[22-Nov-2017 15:34:34 UTC] PHP   2. Symfony\Component\HttpKernel\Kernel->handle() /home/ubuntu/workspace/api_project/web/app_dev.php:21
[22-Nov-2017 15:34:34 UTC] PHP   3. Symfony\Component\HttpKernel\HttpKernel->handle() /home/ubuntu/workspace/api_project/vendor/symfony/symfony/src/Symfony/Component/HttpKernel/Kernel.php:169
[22-Nov-2017 15:34:34 UTC] PHP   4. Symfony\Component\HttpKernel\HttpKernel->handleRaw() /home/ubuntu/workspace/api_project/var/cache/dev/classes.php:4462
[22-Nov-2017 15:34:34 UTC] PHP   5. call_user_func_array:{/home/ubuntu/workspace/api_project/var/cache/dev/classes.php:4507}() /home/ubuntu/workspace/api_project/var/cache/dev/classes.php:4507
[22-Nov-2017 15:34:34 UTC] PHP   6. AppBundle\Controller\DefaultController->indexAction() /home/ubuntu/workspace/api_project/var/cache/dev/classes.php:4507
[22-Nov-2017 15:34:34 UTC] PHP   7. Symfony\Component\DependencyInjection\Container->get() /home/ubuntu/workspace/api_project/src/AppBundle/Controller/DefaultController.php:16
[22-Nov-2017 15:34:34 UTC] PHP   8. appDevDebugProjectContainer->getNewsapi_NewsService() /home/ubuntu/workspace/api_project/var/cache/dev/classes.php:3289
[22-Nov-2017 15:34:34 UTC] PHP   9. AppBundle\Api\NewsApi\Client->__construct() /home/ubuntu/workspace/api_project/var/cache/dev/appDevDebugProjectContainer.php:2080
[22-Nov-2017 15:35:32 UTC] PHP Fatal error:  Class 'GuzzleHttp\Client' not found in /home/ubuntu/workspace/api_project/src/AppBundle/Api/NewsApi/Client.php on line 11
[22-Nov-2017 15:35:32 UTC] PHP Stack trace:
[22-Nov-2017 15:35:32 UTC] PHP   1. {main}() /home/ubuntu/workspace/api_project/web/app_dev.php:0
[22-Nov-2017 15:35:32 UTC] PHP   2. Symfony\Component\HttpKernel\Kernel->handle() /home/ubuntu/workspace/api_project/web/app_dev.php:21
[22-Nov-2017 15:35:32 UTC] PHP   3. Symfony\Component\HttpKernel\HttpKernel->handle() /home/ubuntu/workspace/api_project/vendor/symfony/symfony/src/Symfony/Component/HttpKernel/Kernel.php:169
[22-Nov-2017 15:35:32 UTC] PHP   4. Symfony\Component\HttpKernel\HttpKernel->handleRaw() /home/ubuntu/workspace/api_project/var/cache/dev/classes.php:4462
[22-Nov-2017 15:35:32 UTC] PHP   5. call_user_func_array:{/home/ubuntu/workspace/api_project/var/cache/dev/classes.php:4507}() /home/ubuntu/workspace/api_project/var/cache/dev/classes.php:4507
[22-Nov-2017 15:35:32 UTC] PHP   6. AppBundle\Controller\DefaultController->indexAction() /home/ubuntu/workspace/api_project/var/cache/dev/classes.php:4507
[22-Nov-2017 15:35:32 UTC] PHP   7. Symfony\Component\DependencyInjection\Container->get() /home/ubuntu/workspace/api_project/src/AppBundle/Controller/DefaultController.php:16
[22-Nov-2017 15:35:32 UTC] PHP   8. appDevDebugProjectContainer->getNewsapi_NewsService() /home/ubuntu/workspace/api_project/var/cache/dev/classes.php:3289
[22-Nov-2017 15:35:32 UTC] PHP   9. AppBundle\Api\NewsApi\Client->__construct() /home/ubuntu/workspace/api_project/var/cache/dev/appDevDebugProjectContainer.php:2080
[22-Nov-2017 15:39:52 UTC] PHP Fatal error:  Class 'GuzzleHttp\Client' not found in /home/ubuntu/workspace/api_project/src/AppBundle/Api/NewsApi/Client.php on line 11
[22-Nov-2017 15:39:52 UTC] PHP Stack trace:
[22-Nov-2017 15:39:52 UTC] PHP   1. {main}() /home/ubuntu/workspace/api_project/web/app_dev.php:0
[22-Nov-2017 15:39:52 UTC] PHP   2. Symfony\Component\HttpKernel\Kernel->handle() /home/ubuntu/workspace/api_project/web/app_dev.php:21
[22-Nov-2017 15:39:52 UTC] PHP   3. Symfony\Component\HttpKernel\HttpKernel->handle() /home/ubuntu/workspace/api_project/vendor/symfony/symfony/src/Symfony/Component/HttpKernel/Kernel.php:169
[22-Nov-2017 15:39:52 UTC] PHP   4. Symfony\Component\HttpKernel\HttpKernel->handleRaw() /home/ubuntu/workspace/api_project/var/cache/dev/classes.php:4462
[22-Nov-2017 15:39:52 UTC] PHP   5. call_user_func_array:{/home/ubuntu/workspace/api_project/var/cache/dev/classes.php:4507}() /home/ubuntu/workspace/api_project/var/cache/dev/classes.php:4507
[22-Nov-2017 15:39:52 UTC] PHP   6. AppBundle\Controller\DefaultController->indexAction() /home/ubuntu/workspace/api_project/var/cache/dev/classes.php:4507
[22-Nov-2017 15:39:52 UTC] PHP   7. Symfony\Component\DependencyInjection\Container->get() /home/ubuntu/workspace/api_project/src/AppBundle/Controller/DefaultController.php:16
[22-Nov-2017 15:39:52 UTC] PHP   8. appDevDebugProjectContainer->getNewsapi_NewsService() /home/ubuntu/workspace/api_project/var/cache/dev/classes.php:3289
[22-Nov-2017 15:39:52 UTC] PHP   9. AppBundle\Api\NewsApi\Client->__construct() /home/ubuntu/workspace/api_project/var/cache/dev/appDevDebugProjectContainer.php:2080
[22-Nov-2017 18:27:39 UTC] PHP Parse error:  syntax error, unexpected '>' in /home/ubuntu/workspace/api_project/src/AppBundle/Api/NewsApi/News.php on line 10
[22-Nov-2017 18:27:39 UTC] PHP Stack trace:
[22-Nov-2017 18:27:39 UTC] PHP   1. {main}() /home/ubuntu/workspace/api_project/web/app_dev.php:0
[22-Nov-2017 18:27:39 UTC] PHP   2. Symfony\Component\HttpKernel\Kernel->handle() /home/ubuntu/workspace/api_project/web/app_dev.php:21
[22-Nov-2017 18:27:39 UTC] PHP   3. Symfony\Component\HttpKernel\Kernel->boot() /home/ubuntu/workspace/api_project/vendor/symfony/symfony/src/Symfony/Component/HttpKernel/Kernel.php:166
[22-Nov-2017 18:27:39 UTC] PHP   4. Symfony\Component\HttpKernel\Kernel->initializeContainer() /home/ubuntu/workspace/api_project/vendor/symfony/symfony/src/Symfony/Component/HttpKernel/Kernel.php:117
[22-Nov-2017 18:27:39 UTC] PHP   5. Symfony\Component\Config\ConfigCache->isFresh() /home/ubuntu/workspace/api_project/vendor/symfony/symfony/src/Symfony/Component/HttpKernel/Kernel.php:536
[22-Nov-2017 18:27:39 UTC] PHP   6. Symfony\Component\Config\ResourceCheckerConfigCache->isFresh() /home/ubuntu/workspace/api_project/var/cache/dev/classes.php:3029
[22-Nov-2017 18:27:39 UTC] PHP   7. Symfony\Component\Config\Resource\SelfCheckingResourceChecker->isFresh() /home/ubuntu/workspace/api_project/var/cache/dev/classes.php:2976
[22-Nov-2017 18:27:39 UTC] PHP   8. Symfony\Component\Config\Resource\ReflectionClassResource->isFresh() /home/ubuntu/workspace/api_project/vendor/symfony/symfony/src/Symfony/Component/Config/Resource/SelfCheckingResourceChecker.php:34
[22-Nov-2017 18:27:39 UTC] PHP   9. Symfony\Component\Config\Resource\ReflectionClassResource->computeHash() /home/ubuntu/workspace/api_project/vendor/symfony/symfony/src/Symfony/Component/Config/Resource/ReflectionClassResource.php:45
[22-Nov-2017 18:27:39 UTC] PHP  10. ReflectionClass->__construct() /home/ubuntu/workspace/api_project/vendor/symfony/symfony/src/Symfony/Component/Config/Resource/ReflectionClassResource.php:100
[22-Nov-2017 18:27:39 UTC] PHP  11. spl_autoload_call() /home/ubuntu/workspace/api_project/vendor/symfony/symfony/src/Symfony/Component/Config/Resource/ReflectionClassResource.php:100
[22-Nov-2017 18:27:39 UTC] PHP  12. Symfony\Component\Debug\DebugClassLoader->loadClass() /home/ubuntu/workspace/api_project/vendor/symfony/symfony/src/Symfony/Component/Config/Resource/ReflectionClassResource.php:100
[22-Nov-2017 20:47:26 UTC] PHP Fatal error:  Class 'Guzzle\Http\Client' not found in /home/ubuntu/workspace/api_project/var/cache/dev/appDevDebugProjectContainer.php on line 412
[22-Nov-2017 20:47:26 UTC] PHP Stack trace:
[22-Nov-2017 20:47:26 UTC] PHP   1. {main}() /home/ubuntu/workspace/api_project/web/app_dev.php:0
[22-Nov-2017 20:47:26 UTC] PHP   2. Symfony\Component\HttpKernel\Kernel->handle() /home/ubuntu/workspace/api_project/web/app_dev.php:21
[22-Nov-2017 20:47:26 UTC] PHP   3. Symfony\Component\HttpKernel\HttpKernel->handle() /home/ubuntu/workspace/api_project/vendor/symfony/symfony/src/Symfony/Component/HttpKernel/Kernel.php:169
[22-Nov-2017 20:47:26 UTC] PHP   4. Symfony\Component\HttpKernel\HttpKernel->handleRaw() /home/ubuntu/workspace/api_project/var/cache/dev/classes.php:4462
[22-Nov-2017 20:47:26 UTC] PHP   5. call_user_func_array:{/home/ubuntu/workspace/api_project/var/cache/dev/classes.php:4507}() /home/ubuntu/workspace/api_project/var/cache/dev/classes.php:4507
[22-Nov-2017 20:47:26 UTC] PHP   6. AppBundle\Controller\DefaultController->indexAction() /home/ubuntu/workspace/api_project/var/cache/dev/classes.php:4507
[22-Nov-2017 20:47:26 UTC] PHP   7. Symfony\Component\DependencyInjection\Container->get() /home/ubuntu/workspace/api_project/src/AppBundle/Controller/DefaultController.php:16
[22-Nov-2017 20:47:26 UTC] PHP   8. appDevDebugProjectContainer->getApi_Newsapi_NewsService() /home/ubuntu/workspace/api_project/var/cache/dev/classes.php:3289
[22-Nov-2017 20:47:58 UTC] PHP Fatal error:  Class 'Guzzle\Http\Client' not found in /home/ubuntu/workspace/api_project/var/cache/dev/appDevDebugProjectContainer.php on line 412
[22-Nov-2017 20:47:58 UTC] PHP Stack trace:
[22-Nov-2017 20:47:58 UTC] PHP   1. {main}() /home/ubuntu/workspace/api_project/web/app_dev.php:0
[22-Nov-2017 20:47:58 UTC] PHP   2. Symfony\Component\HttpKernel\Kernel->handle() /home/ubuntu/workspace/api_project/web/app_dev.php:21
[22-Nov-2017 20:47:58 UTC] PHP   3. Symfony\Component\HttpKernel\HttpKernel->handle() /home/ubuntu/workspace/api_project/vendor/symfony/symfony/src/Symfony/Component/HttpKernel/Kernel.php:169
[22-Nov-2017 20:47:58 UTC] PHP   4. Symfony\Component\HttpKernel\HttpKernel->handleRaw() /home/ubuntu/workspace/api_project/var/cache/dev/classes.php:4462
[22-Nov-2017 20:47:58 UTC] PHP   5. call_user_func_array:{/home/ubuntu/workspace/api_project/var/cache/dev/classes.php:4507}() /home/ubuntu/workspace/api_project/var/cache/dev/classes.php:4507
[22-Nov-2017 20:47:58 UTC] PHP   6. AppBundle\Controller\DefaultController->indexAction() /home/ubuntu/workspace/api_project/var/cache/dev/classes.php:4507
[22-Nov-2017 20:47:58 UTC] PHP   7. Symfony\Component\DependencyInjection\Container->get() /home/ubuntu/workspace/api_project/src/AppBundle/Controller/DefaultController.php:16
[22-Nov-2017 20:47:58 UTC] PHP   8. appDevDebugProjectContainer->getApi_Newsapi_NewsService() /home/ubuntu/workspace/api_project/var/cache/dev/classes.php:3289
[22-Nov-2017 20:53:00 UTC] PHP Fatal error:  Class 'Guzzle\Http\Client' not found in /home/ubuntu/workspace/api_project/var/cache/dev/appDevDebugProjectContainer.php on line 412
[22-Nov-2017 20:53:00 UTC] PHP Stack trace:
[22-Nov-2017 20:53:00 UTC] PHP   1. {main}() /home/ubuntu/workspace/api_project/web/app_dev.php:0
[22-Nov-2017 20:53:00 UTC] PHP   2. Symfony\Component\HttpKernel\Kernel->handle() /home/ubuntu/workspace/api_project/web/app_dev.php:21
[22-Nov-2017 20:53:00 UTC] PHP   3. Symfony\Component\HttpKernel\HttpKernel->handle() /home/ubuntu/workspace/api_project/vendor/symfony/symfony/src/Symfony/Component/HttpKernel/Kernel.php:169
[22-Nov-2017 20:53:00 UTC] PHP   4. Symfony\Component\HttpKernel\HttpKernel->handleRaw() /home/ubuntu/workspace/api_project/var/cache/dev/classes.php:4462
[22-Nov-2017 20:53:00 UTC] PHP   5. call_user_func_array:{/home/ubuntu/workspace/api_project/var/cache/dev/classes.php:4507}() /home/ubuntu/workspace/api_project/var/cache/dev/classes.php:4507
[22-Nov-2017 20:53:00 UTC] PHP   6. AppBundle\Controller\DefaultController->indexAction() /home/ubuntu/workspace/api_project/var/cache/dev/classes.php:4507
[22-Nov-2017 20:53:00 UTC] PHP   7. Symfony\Component\DependencyInjection\Container->get() /home/ubuntu/workspace/api_project/src/AppBundle/Controller/DefaultController.php:16
[22-Nov-2017 20:53:00 UTC] PHP   8. appDevDebugProjectContainer->getApi_Newsapi_NewsService() /home/ubuntu/workspace/api_project/var/cache/dev/classes.php:3289
[22-Nov-2017 20:53:35 UTC] PHP Fatal error:  Class 'Guzzle\Http\Client' not found in /home/ubuntu/workspace/api_project/var/cache/dev/appDevDebugProjectContainer.php on line 412
[22-Nov-2017 20:53:35 UTC] PHP Stack trace:
[22-Nov-2017 20:53:35 UTC] PHP   1. {main}() /home/ubuntu/workspace/api_project/web/app_dev.php:0
[22-Nov-2017 20:53:35 UTC] PHP   2. Symfony\Component\HttpKernel\Kernel->handle() /home/ubuntu/workspace/api_project/web/app_dev.php:21
[22-Nov-2017 20:53:35 UTC] PHP   3. Symfony\Component\HttpKernel\HttpKernel->handle() /home/ubuntu/workspace/api_project/vendor/symfony/symfony/src/Symfony/Component/HttpKernel/Kernel.php:169
[22-Nov-2017 20:53:35 UTC] PHP   4. Symfony\Component\HttpKernel\HttpKernel->handleRaw() /home/ubuntu/workspace/api_project/var/cache/dev/classes.php:4462
[22-Nov-2017 20:53:35 UTC] PHP   5. call_user_func_array:{/home/ubuntu/workspace/api_project/var/cache/dev/classes.php:4507}() /home/ubuntu/workspace/api_project/var/cache/dev/classes.php:4507
[22-Nov-2017 20:53:35 UTC] PHP   6. AppBundle\Controller\DefaultController->indexAction() /home/ubuntu/workspace/api_project/var/cache/dev/classes.php:4507
[22-Nov-2017 20:53:35 UTC] PHP   7. Symfony\Component\DependencyInjection\Container->get() /home/ubuntu/workspace/api_project/src/AppBundle/Controller/DefaultController.php:16
[22-Nov-2017 20:53:35 UTC] PHP   8. appDevDebugProjectContainer->getApi_Newsapi_NewsService() /home/ubuntu/workspace/api_project/var/cache/dev/classes.php:3289
[22-Nov-2017 20:55:32 UTC] PHP Fatal error:  Class 'Guzzle\Http\Client' not found in /home/ubuntu/workspace/api_project/var/cache/dev/appDevDebugProjectContainer.php on line 412
[22-Nov-2017 20:55:32 UTC] PHP Stack trace:
[22-Nov-2017 20:55:32 UTC] PHP   1. {main}() /home/ubuntu/workspace/api_project/web/app_dev.php:0
[22-Nov-2017 20:55:32 UTC] PHP   2. Symfony\Component\HttpKernel\Kernel->handle() /home/ubuntu/workspace/api_project/web/app_dev.php:21
[22-Nov-2017 20:55:32 UTC] PHP   3. Symfony\Component\HttpKernel\HttpKernel->handle() /home/ubuntu/workspace/api_project/vendor/symfony/symfony/src/Symfony/Component/HttpKernel/Kernel.php:169
[22-Nov-2017 20:55:32 UTC] PHP   4. Symfony\Component\HttpKernel\HttpKernel->handleRaw() /home/ubuntu/workspace/api_project/var/cache/dev/classes.php:4462
[22-Nov-2017 20:55:32 UTC] PHP   5. call_user_func_array:{/home/ubuntu/workspace/api_project/var/cache/dev/classes.php:4507}() /home/ubuntu/workspace/api_project/var/cache/dev/classes.php:4507
[22-Nov-2017 20:55:32 UTC] PHP   6. AppBundle\Controller\DefaultController->indexAction() /home/ubuntu/workspace/api_project/var/cache/dev/classes.php:4507
[22-Nov-2017 20:55:32 UTC] PHP   7. Symfony\Component\DependencyInjection\Container->get() /home/ubuntu/workspace/api_project/src/AppBundle/Controller/DefaultController.php:16
[22-Nov-2017 20:55:32 UTC] PHP   8. appDevDebugProjectContainer->getApi_Newsapi_NewsService() /home/ubuntu/workspace/api_project/var/cache/dev/classes.php:3289
[22-Nov-2017 20:56:13 UTC] PHP Fatal error:  Class 'Guzzle\Http\Client' not found in /home/ubuntu/workspace/api_project/var/cache/dev/appDevDebugProjectContainer.php on line 412
[22-Nov-2017 20:56:13 UTC] PHP Stack trace:
[22-Nov-2017 20:56:13 UTC] PHP   1. {main}() /home/ubuntu/workspace/api_project/web/app_dev.php:0
[22-Nov-2017 20:56:13 UTC] PHP   2. Symfony\Component\HttpKernel\Kernel->handle() /home/ubuntu/workspace/api_project/web/app_dev.php:21
[22-Nov-2017 20:56:13 UTC] PHP   3. Symfony\Component\HttpKernel\HttpKernel->handle() /home/ubuntu/workspace/api_project/vendor/symfony/symfony/src/Symfony/Component/HttpKernel/Kernel.php:169
[22-Nov-2017 20:56:13 UTC] PHP   4. Symfony\Component\HttpKernel\HttpKernel->handleRaw() /home/ubuntu/workspace/api_project/var/cache/dev/classes.php:4462
[22-Nov-2017 20:56:13 UTC] PHP   5. call_user_func_array:{/home/ubuntu/workspace/api_project/var/cache/dev/classes.php:4507}() /home/ubuntu/workspace/api_project/var/cache/dev/classes.php:4507
[22-Nov-2017 20:56:13 UTC] PHP   6. AppBundle\Controller\DefaultController->indexAction() /home/ubuntu/workspace/api_project/var/cache/dev/classes.php:4507
[22-Nov-2017 20:56:13 UTC] PHP   7. Symfony\Component\DependencyInjection\Container->get() /home/ubuntu/workspace/api_project/src/AppBundle/Controller/DefaultController.php:16
[22-Nov-2017 20:56:13 UTC] PHP   8. appDevDebugProjectContainer->getApi_Newsapi_NewsService() /home/ubuntu/workspace/api_project/var/cache/dev/classes.php:3289
[22-Nov-2017 20:59:16 UTC] PHP Fatal error:  Class 'Guzzle\Http\Client' not found in /home/ubuntu/workspace/api_project/var/cache/dev/appDevDebugProjectContainer.php on line 412
[22-Nov-2017 20:59:16 UTC] PHP Stack trace:
[22-Nov-2017 20:59:16 UTC] PHP   1. {main}() /home/ubuntu/workspace/api_project/web/app_dev.php:0
[22-Nov-2017 20:59:16 UTC] PHP   2. Symfony\Component\HttpKernel\Kernel->handle() /home/ubuntu/workspace/api_project/web/app_dev.php:21
[22-Nov-2017 20:59:16 UTC] PHP   3. Symfony\Component\HttpKernel\HttpKernel->handle() /home/ubuntu/workspace/api_project/vendor/symfony/symfony/src/Symfony/Component/HttpKernel/Kernel.php:169
[22-Nov-2017 20:59:16 UTC] PHP   4. Symfony\Component\HttpKernel\HttpKernel->handleRaw() /home/ubuntu/workspace/api_project/var/cache/dev/classes.php:4462
[22-Nov-2017 20:59:16 UTC] PHP   5. call_user_func_array:{/home/ubuntu/workspace/api_project/var/cache/dev/classes.php:4507}() /home/ubuntu/workspace/api_project/var/cache/dev/classes.php:4507
[22-Nov-2017 20:59:16 UTC] PHP   6. AppBundle\Controller\DefaultController->indexAction() /home/ubuntu/workspace/api_project/var/cache/dev/classes.php:4507
[22-Nov-2017 20:59:16 UTC] PHP   7. Symfony\Component\DependencyInjection\Container->get() /home/ubuntu/workspace/api_project/src/AppBundle/Controller/DefaultController.php:16
[22-Nov-2017 20:59:16 UTC] PHP   8. appDevDebugProjectContainer->getApi_Newsapi_NewsService() /home/ubuntu/workspace/api_project/var/cache/dev/classes.php:3289
[22-Nov-2017 21:01:01 UTC] PHP Fatal error:  Class 'Guzzle\Http\Client' not found in /home/ubuntu/workspace/api_project/var/cache/dev/appDevDebugProjectContainer.php on line 412
[22-Nov-2017 21:01:01 UTC] PHP Stack trace:
[22-Nov-2017 21:01:01 UTC] PHP   1. {main}() /home/ubuntu/workspace/api_project/web/app_dev.php:0
[22-Nov-2017 21:01:01 UTC] PHP   2. Symfony\Component\HttpKernel\Kernel->handle() /home/ubuntu/workspace/api_project/web/app_dev.php:22
[22-Nov-2017 21:01:01 UTC] PHP   3. Symfony\Component\HttpKernel\HttpKernel->handle() /home/ubuntu/workspace/api_project/vendor/symfony/symfony/src/Symfony/Component/HttpKernel/Kernel.php:169
[22-Nov-2017 21:01:01 UTC] PHP   4. Symfony\Component\HttpKernel\HttpKernel->handleRaw() /home/ubuntu/workspace/api_project/var/cache/dev/classes.php:4462
[22-Nov-2017 21:01:01 UTC] PHP   5. call_user_func_array:{/home/ubuntu/workspace/api_project/var/cache/dev/classes.php:4507}() /home/ubuntu/workspace/api_project/var/cache/dev/classes.php:4507
[22-Nov-2017 21:01:01 UTC] PHP   6. AppBundle\Controller\DefaultController->indexAction() /home/ubuntu/workspace/api_project/var/cache/dev/classes.php:4507
[22-Nov-2017 21:01:01 UTC] PHP   7. Symfony\Component\DependencyInjection\Container->get() /home/ubuntu/workspace/api_project/src/AppBundle/Controller/DefaultController.php:16
[22-Nov-2017 21:01:01 UTC] PHP   8. appDevDebugProjectContainer->getApi_Newsapi_NewsService() /home/ubuntu/workspace/api_project/var/cache/dev/classes.php:3289
[22-Nov-2017 21:02:03 UTC] PHP Fatal error:  Class 'Guzzle\Http\Client' not found in /home/ubuntu/workspace/api_project/var/cache/dev/appDevDebugProjectContainer.php on line 412
[22-Nov-2017 21:02:03 UTC] PHP Stack trace:
[22-Nov-2017 21:02:03 UTC] PHP   1. {main}() /home/ubuntu/workspace/api_project/web/app_dev.php:0
[22-Nov-2017 21:02:03 UTC] PHP   2. Symfony\Component\HttpKernel\Kernel->handle() /home/ubuntu/workspace/api_project/web/app_dev.php:22
[22-Nov-2017 21:02:03 UTC] PHP   3. Symfony\Component\HttpKernel\HttpKernel->handle() /home/ubuntu/workspace/api_project/vendor/symfony/symfony/src/Symfony/Component/HttpKernel/Kernel.php:169
[22-Nov-2017 21:02:03 UTC] PHP   4. Symfony\Component\HttpKernel\HttpKernel->handleRaw() /home/ubuntu/workspace/api_project/var/cache/dev/classes.php:4462
[22-Nov-2017 21:02:03 UTC] PHP   5. call_user_func_array:{/home/ubuntu/workspace/api_project/var/cache/dev/classes.php:4507}() /home/ubuntu/workspace/api_project/var/cache/dev/classes.php:4507
[22-Nov-2017 21:02:03 UTC] PHP   6. AppBundle\Controller\DefaultController->indexAction() /home/ubuntu/workspace/api_project/var/cache/dev/classes.php:4507
[22-Nov-2017 21:02:03 UTC] PHP   7. Symfony\Component\DependencyInjection\Container->get() /home/ubuntu/workspace/api_project/src/AppBundle/Controller/DefaultController.php:16
[22-Nov-2017 21:02:03 UTC] PHP   8. appDevDebugProjectContainer->getApi_Newsapi_NewsService() /home/ubuntu/workspace/api_project/var/cache/dev/classes.php:3289
[22-Nov-2017 21:02:31 UTC] PHP Fatal error:  Class 'Guzzle\Http\Client' not found in /home/ubuntu/workspace/api_project/var/cache/dev/appDevDebugProjectContainer.php on line 412
[22-Nov-2017 21:02:31 UTC] PHP Stack trace:
[22-Nov-2017 21:02:31 UTC] PHP   1. {main}() /home/ubuntu/workspace/api_project/web/app_dev.php:0
[22-Nov-2017 21:02:31 UTC] PHP   2. Symfony\Component\HttpKernel\Kernel->handle() /home/ubuntu/workspace/api_project/web/app_dev.php:22
[22-Nov-2017 21:02:31 UTC] PHP   3. Symfony\Component\HttpKernel\HttpKernel->handle() /home/ubuntu/workspace/api_project/vendor/symfony/symfony/src/Symfony/Component/HttpKernel/Kernel.php:169
[22-Nov-2017 21:02:31 UTC] PHP   4. Symfony\Component\HttpKernel\HttpKernel->handleRaw() /home/ubuntu/workspace/api_project/var/cache/dev/classes.php:4462
[22-Nov-2017 21:02:31 UTC] PHP   5. call_user_func_array:{/home/ubuntu/workspace/api_project/var/cache/dev/classes.php:4507}() /home/ubuntu/workspace/api_project/var/cache/dev/classes.php:4507
[22-Nov-2017 21:02:31 UTC] PHP   6. AppBundle\Controller\DefaultController->indexAction() /home/ubuntu/workspace/api_project/var/cache/dev/classes.php:4507
[22-Nov-2017 21:02:31 UTC] PHP   7. Symfony\Component\DependencyInjection\Container->get() /home/ubuntu/workspace/api_project/src/AppBundle/Controller/DefaultController.php:16
[22-Nov-2017 21:02:31 UTC] PHP   8. appDevDebugProjectContainer->getApi_Newsapi_NewsService() /home/ubuntu/workspace/api_project/var/cache/dev/classes.php:3289
[22-Nov-2017 21:02:45 UTC] PHP Fatal error:  Class 'Guzzle\Http\Client' not found in /home/ubuntu/workspace/api_project/var/cache/dev/appDevDebugProjectContainer.php on line 412
[22-Nov-2017 21:02:45 UTC] PHP Stack trace:
[22-Nov-2017 21:02:45 UTC] PHP   1. {main}() /home/ubuntu/workspace/api_project/web/app_dev.php:0
[22-Nov-2017 21:02:45 UTC] PHP   2. Symfony\Component\HttpKernel\Kernel->handle() /home/ubuntu/workspace/api_project/web/app_dev.php:22
[22-Nov-2017 21:02:45 UTC] PHP   3. Symfony\Component\HttpKernel\HttpKernel->handle() /home/ubuntu/workspace/api_project/vendor/symfony/symfony/src/Symfony/Component/HttpKernel/Kernel.php:169
[22-Nov-2017 21:02:45 UTC] PHP   4. Symfony\Component\HttpKernel\HttpKernel->handleRaw() /home/ubuntu/workspace/api_project/var/cache/dev/classes.php:4462
[22-Nov-2017 21:02:45 UTC] PHP   5. call_user_func_array:{/home/ubuntu/workspace/api_project/var/cache/dev/classes.php:4507}() /home/ubuntu/workspace/api_project/var/cache/dev/classes.php:4507
[22-Nov-2017 21:02:45 UTC] PHP   6. AppBundle\Controller\DefaultController->indexAction() /home/ubuntu/workspace/api_project/var/cache/dev/classes.php:4507
[22-Nov-2017 21:02:45 UTC] PHP   7. Symfony\Component\DependencyInjection\Container->get() /home/ubuntu/workspace/api_project/src/AppBundle/Controller/DefaultController.php:16
[22-Nov-2017 21:02:45 UTC] PHP   8. appDevDebugProjectContainer->getApi_Newsapi_NewsService() /home/ubuntu/workspace/api_project/var/cache/dev/classes.php:3289
[22-Nov-2017 21:03:39 UTC] PHP Fatal error:  Class 'Guzzle\Http\Client' not found in /home/ubuntu/workspace/api_project/var/cache/dev/appDevDebugProjectContainer.php on line 412
[22-Nov-2017 21:03:39 UTC] PHP Stack trace:
[22-Nov-2017 21:03:39 UTC] PHP   1. {main}() /home/ubuntu/workspace/api_project/web/app_dev.php:0
[22-Nov-2017 21:03:39 UTC] PHP   2. Symfony\Component\HttpKernel\Kernel->handle() /home/ubuntu/workspace/api_project/web/app_dev.php:22
[22-Nov-2017 21:03:39 UTC] PHP   3. Symfony\Component\HttpKernel\HttpKernel->handle() /home/ubuntu/workspace/api_project/vendor/symfony/symfony/src/Symfony/Component/HttpKernel/Kernel.php:169
[22-Nov-2017 21:03:39 UTC] PHP   4. Symfony\Component\HttpKernel\HttpKernel->handleRaw() /home/ubuntu/workspace/api_project/var/cache/dev/classes.php:4462
[22-Nov-2017 21:03:39 UTC] PHP   5. call_user_func_array:{/home/ubuntu/workspace/api_project/var/cache/dev/classes.php:4507}() /home/ubuntu/workspace/api_project/var/cache/dev/classes.php:4507
[22-Nov-2017 21:03:39 UTC] PHP   6. AppBundle\Controller\DefaultController->indexAction() /home/ubuntu/workspace/api_project/var/cache/dev/classes.php:4507
[22-Nov-2017 21:03:39 UTC] PHP   7. Symfony\Component\DependencyInjection\Container->get() /home/ubuntu/workspace/api_project/src/AppBundle/Controller/DefaultController.php:16
[22-Nov-2017 21:03:39 UTC] PHP   8. appDevDebugProjectContainer->getApi_Newsapi_NewsService() /home/ubuntu/workspace/api_project/var/cache/dev/classes.php:3289
[23-Nov-2017 13:52:36 UTC] PHP Fatal error:  Cannot use isset() on the result of a function call (you can use "null !== func()" instead) in /home/ubuntu/workspace/api_project/src/AppBundle/Controller/DefaultController.php on line 17
[23-Nov-2017 13:52:36 UTC] PHP Stack trace:
[23-Nov-2017 13:52:36 UTC] PHP   1. {main}() /home/ubuntu/workspace/api_project/web/app_dev.php:0
[23-Nov-2017 13:52:36 UTC] PHP   2. Symfony\Component\HttpKernel\Kernel->handle() /home/ubuntu/workspace/api_project/web/app_dev.php:22
[23-Nov-2017 13:52:36 UTC] PHP   3. Symfony\Component\HttpKernel\Kernel->boot() /home/ubuntu/workspace/api_project/vendor/symfony/symfony/src/Symfony/Component/HttpKernel/Kernel.php:166
[23-Nov-2017 13:52:36 UTC] PHP   4. Symfony\Component\HttpKernel\Kernel->initializeContainer() /home/ubuntu/workspace/api_project/vendor/symfony/symfony/src/Symfony/Component/HttpKernel/Kernel.php:117
[23-Nov-2017 13:52:36 UTC] PHP   5. Symfony\Component\Config\ConfigCache->isFresh() /home/ubuntu/workspace/api_project/vendor/symfony/symfony/src/Symfony/Component/HttpKernel/Kernel.php:536
[23-Nov-2017 13:52:36 UTC] PHP   6. Symfony\Component\Config\ResourceCheckerConfigCache->isFresh() /home/ubuntu/workspace/api_project/var/cache/dev/classes.php:3029
[23-Nov-2017 13:52:36 UTC] PHP   7. Symfony\Component\Config\Resource\SelfCheckingResourceChecker->isFresh() /home/ubuntu/workspace/api_project/var/cache/dev/classes.php:2976
[23-Nov-2017 13:52:36 UTC] PHP   8. Symfony\Component\Config\Resource\ReflectionClassResource->isFresh() /home/ubuntu/workspace/api_project/vendor/symfony/symfony/src/Symfony/Component/Config/Resource/SelfCheckingResourceChecker.php:34
[23-Nov-2017 13:52:36 UTC] PHP   9. Symfony\Component\Config\Resource\ReflectionClassResource->computeHash() /home/ubuntu/workspace/api_project/vendor/symfony/symfony/src/Symfony/Component/Config/Resource/ReflectionClassResource.php:45
[23-Nov-2017 13:52:36 UTC] PHP  10. ReflectionClass->__construct() /home/ubuntu/workspace/api_project/vendor/symfony/symfony/src/Symfony/Component/Config/Resource/ReflectionClassResource.php:100
[23-Nov-2017 13:52:36 UTC] PHP  11. spl_autoload_call() /home/ubuntu/workspace/api_project/vendor/symfony/symfony/src/Symfony/Component/Config/Resource/ReflectionClassResource.php:100
[23-Nov-2017 13:52:36 UTC] PHP  12. Symfony\Component\Debug\DebugClassLoader->loadClass() /home/ubuntu/workspace/api_project/vendor/symfony/symfony/src/Symfony/Component/Config/Resource/ReflectionClassResource.php:100
[23-Nov-2017 13:53:22 UTC] PHP Fatal error:  Call to undefined method Symfony\Component\HttpFoundation\Request::getParameter() in /home/ubuntu/workspace/api_project/src/AppBundle/Controller/DefaultController.php on line 17
[23-Nov-2017 13:53:22 UTC] PHP Stack trace:
[23-Nov-2017 13:53:22 UTC] PHP   1. {main}() /home/ubuntu/workspace/api_project/web/app_dev.php:0
[23-Nov-2017 13:53:22 UTC] PHP   2. Symfony\Component\HttpKernel\Kernel->handle() /home/ubuntu/workspace/api_project/web/app_dev.php:22
[23-Nov-2017 13:53:22 UTC] PHP   3. Symfony\Component\HttpKernel\HttpKernel->handle() /home/ubuntu/workspace/api_project/vendor/symfony/symfony/src/Symfony/Component/HttpKernel/Kernel.php:169
[23-Nov-2017 13:53:22 UTC] PHP   4. Symfony\Component\HttpKernel\HttpKernel->handleRaw() /home/ubuntu/workspace/api_project/var/cache/dev/classes.php:4462
[23-Nov-2017 13:53:22 UTC] PHP   5. call_user_func_array:{/home/ubuntu/workspace/api_project/var/cache/dev/classes.php:4507}() /home/ubuntu/workspace/api_project/var/cache/dev/classes.php:4507
[23-Nov-2017 13:53:22 UTC] PHP   6. AppBundle\Controller\DefaultController->indexAction() /home/ubuntu/workspace/api_project/var/cache/dev/classes.php:4507
